21:34:46.810 [main] INFO  testCases.TC_001_NewAccountTest -  ****** Starting TC_001_NewAccountTest ****** 
21:34:46.818 [main] DEBUG testCases.TC_001_NewAccountTest - ***Started debugging***
21:34:49.544 [main] INFO  testCases.TC_001_NewAccountTest -  ****** Creating New Account ****** 
21:34:49.551 [main] INFO  testCases.TC_001_NewAccountTest -  ****** Providing user details ****** 
21:34:50.279 [main] INFO  testCases.TC_001_NewAccountTest -  ****** Validating confirmation message ****** 
21:35:00.307 [main] ERROR testCases.TC_001_NewAccountTest - Test failed
20:57:02.263 [main] INFO  testCases.TC_001_NewAccountTest -  ****** Starting TC_001_NewAccountTest ****** 
20:57:02.270 [main] DEBUG testCases.TC_001_NewAccountTest - ***Started debugging***
20:57:04.356 [main] INFO  testCases.TC_001_NewAccountTest -  ****** Creating New Account ****** 
20:57:04.465 [main] INFO  testCases.TC_001_NewAccountTest -  ****** Providing user details ****** 
20:57:08.693 [main] INFO  testCases.TC_001_NewAccountTest -  ****** Validating confirmation message ****** 
20:57:09.011 [main] INFO  testCases.TC_001_NewAccountTest - Test passsed
20:57:09.015 [main] INFO  testCases.TC_001_NewAccountTest -  ****** Finished TC_001_NewAccountTest ****** 
21:00:36.986 [main] INFO  testCases.TC_001_NewAccountTest -  ****** Starting TC_001_NewAccountTest ****** 
21:00:36.996 [main] DEBUG testCases.TC_001_NewAccountTest - ***Started debugging***
21:00:38.657 [main] INFO  testCases.TC_001_NewAccountTest -  ****** Creating New Account ****** 
21:00:38.678 [main] INFO  testCases.TC_001_NewAccountTest -  ****** Providing user details ****** 
21:00:43.133 [main] INFO  testCases.TC_001_NewAccountTest -  ****** Validating confirmation message ****** 
21:00:43.293 [main] INFO  testCases.TC_001_NewAccountTest - Test passsed
21:00:43.298 [main] INFO  testCases.TC_001_NewAccountTest -  ****** Finished TC_001_NewAccountTest ****** 
22:30:05.016 [main] INFO  testCases.TC_001_NewAccountTest -  ****** Starting TC_001_NewAccountTest ****** 
22:30:05.026 [main] DEBUG testCases.TC_001_NewAccountTest - ***Started debugging***
22:30:06.714 [main] INFO  testCases.TC_001_NewAccountTest -  ****** Creating New Account ****** 
22:30:06.725 [main] INFO  testCases.TC_001_NewAccountTest -  ****** Providing user details ****** 
22:30:12.297 [main] INFO  testCases.TC_001_NewAccountTest -  ****** Validating confirmation message ****** 
22:30:12.673 [main] INFO  testCases.TC_001_NewAccountTest - Test passsed
22:30:12.677 [main] INFO  testCases.TC_001_NewAccountTest -  ****** Finished TC_001_NewAccountTest ****** 
22:30:23.046 [main] INFO  testCases.TC_001_NewAccountTest -  ****** Starting TC_001_NewAccountTest ****** 
22:30:23.047 [main] DEBUG testCases.TC_001_NewAccountTest - ***Started debugging***
22:30:24.668 [main] INFO  testCases.TC_001_NewAccountTest -  ****** Creating New Account ****** 
22:30:24.672 [main] INFO  testCases.TC_001_NewAccountTest -  ****** Providing user details ****** 
22:30:29.674 [main] INFO  testCases.TC_001_NewAccountTest -  ****** Validating confirmation message ****** 
22:30:30.111 [main] INFO  testCases.TC_001_NewAccountTest - Test passsed
22:30:30.112 [main] INFO  testCases.TC_001_NewAccountTest -  ****** Finished TC_001_NewAccountTest ****** 
22:30:59.423 [TestNG-tests-1] INFO  testCases.TC_001_NewAccountTest -  ****** Starting TC_001_NewAccountTest ****** 
22:30:59.442 [TestNG-tests-1] DEBUG testCases.TC_001_NewAccountTest - ***Started debugging***
22:31:00.819 [TestNG-tests-2] INFO  testCases.TC_001_NewAccountTest -  ****** Starting TC_001_NewAccountTest ****** 
22:31:00.819 [TestNG-tests-2] DEBUG testCases.TC_001_NewAccountTest - ***Started debugging***
22:31:02.127 [TestNG-tests-1] INFO  testCases.TC_001_NewAccountTest -  ****** Creating New Account ****** 
22:31:02.181 [TestNG-tests-1] INFO  testCases.TC_001_NewAccountTest -  ****** Providing user details ****** 
22:31:02.635 [TestNG-tests-2] INFO  testCases.TC_001_NewAccountTest -  ****** Creating New Account ****** 
22:31:02.638 [TestNG-tests-2] INFO  testCases.TC_001_NewAccountTest -  ****** Providing user details ****** 
22:31:07.342 [TestNG-tests-2] INFO  testCases.TC_001_NewAccountTest -  ****** Validating confirmation message ****** 
22:31:07.856 [TestNG-tests-2] INFO  testCases.TC_001_NewAccountTest - Test passsed
22:31:07.862 [TestNG-tests-2] INFO  testCases.TC_001_NewAccountTest -  ****** Finished TC_001_NewAccountTest ****** 
22:31:08.231 [TestNG-tests-1] INFO  testCases.TC_001_NewAccountTest -  ****** Validating confirmation message ****** 
22:31:08.684 [TestNG-tests-1] INFO  testCases.TC_001_NewAccountTest - Test passsed
22:31:08.684 [TestNG-tests-1] INFO  testCases.TC_001_NewAccountTest -  ****** Finished TC_001_NewAccountTest ****** 
08:19:48.263 [main] INFO  testCases.TC_001_NewAccountTest -  ****** Starting TC_001_NewAccountTest ****** 
08:19:48.273 [main] DEBUG testCases.TC_001_NewAccountTest - ***Started debugging***
08:19:51.089 [main] INFO  testCases.TC_001_NewAccountTest -  ****** Creating New Account ****** 
08:19:51.103 [main] INFO  testCases.TC_001_NewAccountTest -  ****** Providing user details ****** 
08:19:57.370 [main] INFO  testCases.TC_001_NewAccountTest -  ****** Validating confirmation message ****** 
08:19:58.059 [main] INFO  testCases.TC_001_NewAccountTest - Test passsed
08:19:58.063 [main] INFO  testCases.TC_001_NewAccountTest -  ****** Finished TC_001_NewAccountTest ****** 
08:11:30.415 [main] INFO  testCases.TC_001_NewAccountTest -  ****** Starting TC_001_NewAccountTest ****** 
08:11:30.426 [main] DEBUG testCases.TC_001_NewAccountTest - ***Started debugging***
08:11:32.097 [main] INFO  testCases.TC_001_NewAccountTest -  ****** Creating New Account ****** 
08:11:32.114 [main] INFO  testCases.TC_001_NewAccountTest -  ****** Providing user details ****** 
08:11:36.454 [main] INFO  testCases.TC_001_NewAccountTest -  ****** Validating confirmation message ****** 
08:11:36.998 [main] INFO  testCases.TC_001_NewAccountTest - Test passsed
08:11:37.004 [main] INFO  testCases.TC_001_NewAccountTest -  ****** Finished TC_001_NewAccountTest ****** 
08:11:43.930 [main] INFO  testCases.TC_002_LoginTest - *** Started TC_002_LoginTest ***
08:13:11.636 [main] INFO  testCases.TC_002_LoginTest - *** Started TC_002_LoginTest ***
08:15:51.721 [main] INFO  testCases.TC_002_LoginTest - *** Started TC_002_LoginTest ***
08:16:04.691 [main] INFO  testCases.TC_002_LoginTest - Test failed
08:16:25.849 [main] INFO  testCases.TC_002_LoginTest - *** Started TC_002_LoginTest ***
08:16:38.698 [main] INFO  testCases.TC_002_LoginTest - Test failed
08:17:34.673 [main] INFO  testCases.TC_002_LoginTest - *** Started TC_002_LoginTest ***
08:17:48.165 [main] INFO  testCases.TC_002_LoginTest - Test failed
08:18:37.125 [main] INFO  testCases.TC_002_LoginTest - *** Started TC_002_LoginTest ***
08:18:49.601 [main] INFO  testCases.TC_002_LoginTest - Test failed
08:19:39.792 [main] INFO  testCases.TC_002_LoginTest - *** Started TC_002_LoginTest ***
08:19:53.780 [main] INFO  testCases.TC_002_LoginTest - Test failed
08:21:05.682 [main] INFO  testCases.TC_002_LoginTest - *** Started TC_002_LoginTest ***
08:21:14.418 [main] INFO  testCases.TC_002_LoginTest - Test failed
08:24:08.310 [main] INFO  testCases.TC_002_LoginTest - *** Started TC_002_LoginTest ***
08:24:22.228 [main] INFO  testCases.TC_002_LoginTest - Test failed
08:26:10.908 [main] INFO  testCases.TC_002_LoginTest - *** Started TC_002_LoginTest ***
08:26:28.778 [main] INFO  testCases.TC_002_LoginTest - Test failed
08:27:40.026 [main] INFO  testCases.TC_002_LoginTest - *** Started TC_002_LoginTest ***
08:27:58.879 [main] INFO  testCases.TC_002_LoginTest - Test failed
08:28:27.720 [main] INFO  testCases.TC_002_LoginTest - *** Started TC_002_LoginTest ***
08:28:46.655 [main] INFO  testCases.TC_002_LoginTest - Test failed
08:31:54.403 [main] INFO  testCases.TC_002_LoginTest - *** Started TC_002_LoginTest ***
08:32:03.210 [main] INFO  testCases.TC_002_LoginTest - Test passed
08:32:03.213 [main] INFO  testCases.TC_002_LoginTest - *** Finished  TC_002_LoginTest ***
08:50:15.981 [main] INFO  testCases.TC_002_LoginTest - *** Started TC_002_LoginTest ***
08:50:17.486 [main] INFO  testCases.TC_002_LoginTest - Clicked on signin link
08:50:19.808 [main] INFO  testCases.TC_002_LoginTest - Clicked on signin button
08:50:29.875 [main] ERROR testCases.TC_002_LoginTest - Login test failed
08:56:04.908 [main] INFO  testCases.TC_002_LoginTest - *** Started TC_002_LoginTest ***
08:56:06.037 [main] INFO  testCases.TC_002_LoginTest - Clicked on signin link
08:56:08.475 [main] INFO  testCases.TC_002_LoginTest - Clicked on signin button
08:56:08.614 [main] INFO  testCases.TC_002_LoginTest - Test passed
08:56:08.620 [main] INFO  testCases.TC_002_LoginTest - *** Finished  TC_002_LoginTest ***
08:56:34.927 [main] INFO  testCases.TC_002_LoginTest - *** Started TC_002_LoginTest ***
08:56:36.147 [main] INFO  testCases.TC_002_LoginTest - Clicked on signin link
08:56:38.545 [main] INFO  testCases.TC_002_LoginTest - Clicked on signin button
08:56:38.646 [main] INFO  testCases.TC_002_LoginTest - Test failed
20:37:04.007 [main] INFO  testCases.TC_002_LoginTest - *** Started TC_002_LoginTest ***
20:37:05.455 [main] INFO  testCases.TC_002_LoginTest - Clicked on signin link
20:37:08.071 [main] INFO  testCases.TC_002_LoginTest - Clicked on signin button
20:37:08.384 [main] INFO  testCases.TC_002_LoginTest - Test passed
20:37:08.390 [main] INFO  testCases.TC_002_LoginTest - *** Finished  TC_002_LoginTest ***
09:21:21.254 [main] INFO  testCases.TC_002_LoginTest - *** Started TC_002_LoginTest ***
09:21:24.023 [main] INFO  testCases.TC_002_LoginTest - Clicked on signin link
09:21:29.992 [main] INFO  testCases.TC_002_LoginTest - Clicked on signin button
09:21:30.013 [main] INFO  testCases.TC_002_LoginTest - Test passed
09:21:30.016 [main] INFO  testCases.TC_002_LoginTest - *** Finished  TC_002_LoginTest ***
18:52:10.140 [main] INFO  testCases.TC_002_LoginTest - *** Started TC_002_LoginTest ***
18:52:12.752 [main] INFO  testCases.TC_002_LoginTest - Clicked on signin link
18:52:16.143 [main] INFO  testCases.TC_002_LoginTest - Clicked on signin button
18:52:16.160 [main] INFO  testCases.TC_002_LoginTest - Test passed
18:52:16.163 [main] INFO  testCases.TC_002_LoginTest - *** Finished  TC_002_LoginTest ***
17:58:38.309 [main] DEBUG org.apache.poi.openxml4j.opc.PackageRelationshipCollection - Parsing relationship: /xl/_rels/workbook.xml.rels
17:58:38.320 [main] DEBUG org.apache.poi.openxml4j.opc.PackageRelationshipCollection - Parsing relationship: /xl/worksheets/_rels/sheet1.xml.rels
17:58:38.322 [main] DEBUG org.apache.poi.openxml4j.opc.PackageRelationshipCollection - Parsing relationship: /_rels/.rels
17:58:39.280 [main] DEBUG org.apache.poi.openxml4j.opc.PackageRelationshipCollection - Parsing relationship: /xl/_rels/workbook.xml.rels
17:58:39.282 [main] DEBUG org.apache.poi.openxml4j.opc.PackageRelationshipCollection - Parsing relationship: /xl/worksheets/_rels/sheet1.xml.rels
17:58:39.286 [main] DEBUG org.apache.poi.openxml4j.opc.PackageRelationshipCollection - Parsing relationship: /_rels/.rels
17:58:39.342 [main] DEBUG org.apache.poi.openxml4j.opc.PackageRelationshipCollection - Parsing relationship: /xl/_rels/workbook.xml.rels
17:58:39.344 [main] DEBUG org.apache.poi.openxml4j.opc.PackageRelationshipCollection - Parsing relationship: /xl/worksheets/_rels/sheet1.xml.rels
17:58:39.345 [main] DEBUG org.apache.poi.openxml4j.opc.PackageRelationshipCollection - Parsing relationship: /_rels/.rels
17:58:39.426 [main] DEBUG org.apache.poi.openxml4j.opc.PackageRelationshipCollection - Parsing relationship: /xl/_rels/workbook.xml.rels
17:58:39.430 [main] DEBUG org.apache.poi.openxml4j.opc.PackageRelationshipCollection - Parsing relationship: /xl/worksheets/_rels/sheet1.xml.rels
17:58:39.433 [main] DEBUG org.apache.poi.openxml4j.opc.PackageRelationshipCollection - Parsing relationship: /_rels/.rels
17:58:39.485 [main] DEBUG org.apache.poi.openxml4j.opc.PackageRelationshipCollection - Parsing relationship: /xl/_rels/workbook.xml.rels
17:58:39.487 [main] DEBUG org.apache.poi.openxml4j.opc.PackageRelationshipCollection - Parsing relationship: /xl/worksheets/_rels/sheet1.xml.rels
17:58:39.489 [main] DEBUG org.apache.poi.openxml4j.opc.PackageRelationshipCollection - Parsing relationship: /_rels/.rels
17:58:39.525 [main] DEBUG org.apache.poi.openxml4j.opc.PackageRelationshipCollection - Parsing relationship: /xl/_rels/workbook.xml.rels
17:58:39.527 [main] DEBUG org.apache.poi.openxml4j.opc.PackageRelationshipCollection - Parsing relationship: /xl/worksheets/_rels/sheet1.xml.rels
17:58:39.529 [main] DEBUG org.apache.poi.openxml4j.opc.PackageRelationshipCollection - Parsing relationship: /_rels/.rels
17:58:39.578 [main] DEBUG org.apache.poi.openxml4j.opc.PackageRelationshipCollection - Parsing relationship: /xl/_rels/workbook.xml.rels
17:58:39.582 [main] DEBUG org.apache.poi.openxml4j.opc.PackageRelationshipCollection - Parsing relationship: /xl/worksheets/_rels/sheet1.xml.rels
17:58:39.585 [main] DEBUG org.apache.poi.openxml4j.opc.PackageRelationshipCollection - Parsing relationship: /_rels/.rels
17:58:39.634 [main] DEBUG org.apache.poi.openxml4j.opc.PackageRelationshipCollection - Parsing relationship: /xl/_rels/workbook.xml.rels
17:58:39.635 [main] DEBUG org.apache.poi.openxml4j.opc.PackageRelationshipCollection - Parsing relationship: /xl/worksheets/_rels/sheet1.xml.rels
17:58:39.638 [main] DEBUG org.apache.poi.openxml4j.opc.PackageRelationshipCollection - Parsing relationship: /_rels/.rels
17:58:39.679 [main] DEBUG org.apache.poi.openxml4j.opc.PackageRelationshipCollection - Parsing relationship: /xl/_rels/workbook.xml.rels
17:58:39.681 [main] DEBUG org.apache.poi.openxml4j.opc.PackageRelationshipCollection - Parsing relationship: /xl/worksheets/_rels/sheet1.xml.rels
17:58:39.683 [main] DEBUG org.apache.poi.openxml4j.opc.PackageRelationshipCollection - Parsing relationship: /_rels/.rels
17:58:39.717 [main] DEBUG org.apache.poi.openxml4j.opc.PackageRelationshipCollection - Parsing relationship: /xl/_rels/workbook.xml.rels
17:58:39.718 [main] DEBUG org.apache.poi.openxml4j.opc.PackageRelationshipCollection - Parsing relationship: /xl/worksheets/_rels/sheet1.xml.rels
17:58:39.720 [main] DEBUG org.apache.poi.openxml4j.opc.PackageRelationshipCollection - Parsing relationship: /_rels/.rels
17:58:39.754 [main] DEBUG org.apache.poi.openxml4j.opc.PackageRelationshipCollection - Parsing relationship: /xl/_rels/workbook.xml.rels
17:58:39.756 [main] DEBUG org.apache.poi.openxml4j.opc.PackageRelationshipCollection - Parsing relationship: /xl/worksheets/_rels/sheet1.xml.rels
17:58:39.757 [main] DEBUG org.apache.poi.openxml4j.opc.PackageRelationshipCollection - Parsing relationship: /_rels/.rels
17:59:27.758 [main] DEBUG org.apache.poi.openxml4j.opc.PackageRelationshipCollection - Parsing relationship: /xl/_rels/workbook.xml.rels
17:59:27.768 [main] DEBUG org.apache.poi.openxml4j.opc.PackageRelationshipCollection - Parsing relationship: /xl/worksheets/_rels/sheet1.xml.rels
17:59:27.771 [main] DEBUG org.apache.poi.openxml4j.opc.PackageRelationshipCollection - Parsing relationship: /_rels/.rels
17:59:28.639 [main] DEBUG org.apache.poi.openxml4j.opc.PackageRelationshipCollection - Parsing relationship: /xl/_rels/workbook.xml.rels
17:59:28.641 [main] DEBUG org.apache.poi.openxml4j.opc.PackageRelationshipCollection - Parsing relationship: /xl/worksheets/_rels/sheet1.xml.rels
17:59:28.644 [main] DEBUG org.apache.poi.openxml4j.opc.PackageRelationshipCollection - Parsing relationship: /_rels/.rels
17:59:28.702 [main] DEBUG org.apache.poi.openxml4j.opc.PackageRelationshipCollection - Parsing relationship: /xl/_rels/workbook.xml.rels
17:59:28.704 [main] DEBUG org.apache.poi.openxml4j.opc.PackageRelationshipCollection - Parsing relationship: /xl/worksheets/_rels/sheet1.xml.rels
17:59:28.706 [main] DEBUG org.apache.poi.openxml4j.opc.PackageRelationshipCollection - Parsing relationship: /_rels/.rels
17:59:28.765 [main] DEBUG org.apache.poi.openxml4j.opc.PackageRelationshipCollection - Parsing relationship: /xl/_rels/workbook.xml.rels
17:59:28.767 [main] DEBUG org.apache.poi.openxml4j.opc.PackageRelationshipCollection - Parsing relationship: /xl/worksheets/_rels/sheet1.xml.rels
17:59:28.770 [main] DEBUG org.apache.poi.openxml4j.opc.PackageRelationshipCollection - Parsing relationship: /_rels/.rels
17:59:28.809 [main] DEBUG org.apache.poi.openxml4j.opc.PackageRelationshipCollection - Parsing relationship: /xl/_rels/workbook.xml.rels
17:59:28.810 [main] DEBUG org.apache.poi.openxml4j.opc.PackageRelationshipCollection - Parsing relationship: /xl/worksheets/_rels/sheet1.xml.rels
17:59:28.812 [main] DEBUG org.apache.poi.openxml4j.opc.PackageRelationshipCollection - Parsing relationship: /_rels/.rels
17:59:28.851 [main] DEBUG org.apache.poi.openxml4j.opc.PackageRelationshipCollection - Parsing relationship: /xl/_rels/workbook.xml.rels
17:59:28.853 [main] DEBUG org.apache.poi.openxml4j.opc.PackageRelationshipCollection - Parsing relationship: /xl/worksheets/_rels/sheet1.xml.rels
17:59:28.855 [main] DEBUG org.apache.poi.openxml4j.opc.PackageRelationshipCollection - Parsing relationship: /_rels/.rels
17:59:28.895 [main] DEBUG org.apache.poi.openxml4j.opc.PackageRelationshipCollection - Parsing relationship: /xl/_rels/workbook.xml.rels
17:59:28.897 [main] DEBUG org.apache.poi.openxml4j.opc.PackageRelationshipCollection - Parsing relationship: /xl/worksheets/_rels/sheet1.xml.rels
17:59:28.898 [main] DEBUG org.apache.poi.openxml4j.opc.PackageRelationshipCollection - Parsing relationship: /_rels/.rels
17:59:28.929 [main] DEBUG org.apache.poi.openxml4j.opc.PackageRelationshipCollection - Parsing relationship: /xl/_rels/workbook.xml.rels
17:59:28.930 [main] DEBUG org.apache.poi.openxml4j.opc.PackageRelationshipCollection - Parsing relationship: /xl/worksheets/_rels/sheet1.xml.rels
17:59:28.931 [main] DEBUG org.apache.poi.openxml4j.opc.PackageRelationshipCollection - Parsing relationship: /_rels/.rels
17:59:28.966 [main] DEBUG org.apache.poi.openxml4j.opc.PackageRelationshipCollection - Parsing relationship: /xl/_rels/workbook.xml.rels
17:59:28.969 [main] DEBUG org.apache.poi.openxml4j.opc.PackageRelationshipCollection - Parsing relationship: /xl/worksheets/_rels/sheet1.xml.rels
17:59:28.971 [main] DEBUG org.apache.poi.openxml4j.opc.PackageRelationshipCollection - Parsing relationship: /_rels/.rels
17:59:29.002 [main] DEBUG org.apache.poi.openxml4j.opc.PackageRelationshipCollection - Parsing relationship: /xl/_rels/workbook.xml.rels
17:59:29.004 [main] DEBUG org.apache.poi.openxml4j.opc.PackageRelationshipCollection - Parsing relationship: /xl/worksheets/_rels/sheet1.xml.rels
17:59:29.005 [main] DEBUG org.apache.poi.openxml4j.opc.PackageRelationshipCollection - Parsing relationship: /_rels/.rels
17:59:29.032 [main] DEBUG org.apache.poi.openxml4j.opc.PackageRelationshipCollection - Parsing relationship: /xl/_rels/workbook.xml.rels
17:59:29.035 [main] DEBUG org.apache.poi.openxml4j.opc.PackageRelationshipCollection - Parsing relationship: /xl/worksheets/_rels/sheet1.xml.rels
17:59:29.037 [main] DEBUG org.apache.poi.openxml4j.opc.PackageRelationshipCollection - Parsing relationship: /_rels/.rels
17:59:29.083 [main] INFO  testCases.TC_003_LoginDDT - *** Started TC_003_LoginDDT ***
17:59:40.025 [main] INFO  testCases.TC_003_LoginDDT - *** Started TC_003_LoginDDT ***
17:59:50.778 [main] INFO  testCases.TC_003_LoginDDT - *** Started TC_003_LoginDDT ***
17:59:57.433 [main] INFO  testCases.TC_003_LoginDDT - *** Finished TC_003_LoginDDT ***
13:03:01.670 [main] INFO  testCases.TC_001_NewAccountTest -  ****** Starting TC_001_NewAccountTest ****** 
13:03:01.677 [main] DEBUG testCases.TC_001_NewAccountTest - ***Started debugging***
13:03:04.614 [main] INFO  testCases.TC_001_NewAccountTest -  ****** Creating New Account ****** 
13:03:04.619 [main] INFO  testCases.TC_001_NewAccountTest -  ****** Providing user details ****** 
13:03:13.518 [main] INFO  testCases.TC_001_NewAccountTest -  ****** Validating confirmation message ****** 
13:03:13.602 [main] INFO  testCases.TC_001_NewAccountTest - Test passsed
13:03:13.610 [main] INFO  testCases.TC_001_NewAccountTest -  ****** Finished TC_001_NewAccountTest ****** 
13:03:27.584 [main] INFO  testCases.TC_002_LoginTest - *** Started TC_002_LoginTest ***
13:03:30.110 [main] INFO  testCases.TC_002_LoginTest - Clicked on signin link
13:03:33.787 [main] INFO  testCases.TC_002_LoginTest - Clicked on signin button
13:03:33.802 [main] INFO  testCases.TC_002_LoginTest - Test failed
13:42:41.515 [main] INFO  testCases.TC_002_LoginTest - *** Started TC_002_LoginTest ***
13:42:45.476 [main] INFO  testCases.TC_002_LoginTest - Clicked on signin link
13:42:49.580 [main] INFO  testCases.TC_002_LoginTest - Clicked on signin button
13:42:49.639 [main] INFO  testCases.TC_002_LoginTest - Test failed
13:44:15.822 [main] INFO  testCases.TC_001_NewAccountTest -  ****** Starting TC_001_NewAccountTest ****** 
13:44:15.829 [main] DEBUG testCases.TC_001_NewAccountTest - ***Started debugging***
13:44:18.481 [main] INFO  testCases.TC_001_NewAccountTest -  ****** Creating New Account ****** 
13:44:18.485 [main] INFO  testCases.TC_001_NewAccountTest -  ****** Providing user details ****** 
13:44:23.414 [main] INFO  testCases.TC_001_NewAccountTest -  ****** Validating confirmation message ****** 
13:44:23.466 [main] INFO  testCases.TC_001_NewAccountTest - Test passsed
13:44:23.469 [main] INFO  testCases.TC_001_NewAccountTest -  ****** Finished TC_001_NewAccountTest ****** 
13:45:19.436 [main] INFO  testCases.TC_001_NewAccountTest -  ****** Starting TC_001_NewAccountTest ****** 
13:45:19.448 [main] DEBUG testCases.TC_001_NewAccountTest - ***Started debugging***
13:45:24.311 [main] INFO  testCases.TC_001_NewAccountTest -  ****** Creating New Account ****** 
13:45:24.318 [main] INFO  testCases.TC_001_NewAccountTest -  ****** Providing user details ****** 
13:49:33.772 [main] INFO  testCases.TC_001_NewAccountTest -  ****** Starting TC_001_NewAccountTest ****** 
13:49:33.776 [main] DEBUG testCases.TC_001_NewAccountTest - ***Started debugging***
13:49:36.152 [main] INFO  testCases.TC_001_NewAccountTest -  ****** Creating New Account ****** 
13:49:36.158 [main] INFO  testCases.TC_001_NewAccountTest -  ****** Providing user details ****** 
13:49:44.562 [main] INFO  testCases.TC_001_NewAccountTest -  ****** Validating confirmation message ****** 
13:49:44.613 [main] INFO  testCases.TC_001_NewAccountTest - Test passsed
13:49:44.616 [main] INFO  testCases.TC_001_NewAccountTest -  ****** Finished TC_001_NewAccountTest ****** 
13:51:40.835 [main] INFO  testCases.TC_001_NewAccountTest -  ****** Starting TC_001_NewAccountTest ****** 
13:51:40.840 [main] DEBUG testCases.TC_001_NewAccountTest - ***Started debugging***
13:51:47.963 [main] INFO  testCases.TC_001_NewAccountTest -  ****** Creating New Account ****** 
13:51:47.967 [main] INFO  testCases.TC_001_NewAccountTest -  ****** Providing user details ****** 
13:51:54.715 [main] INFO  testCases.TC_001_NewAccountTest -  ****** Validating confirmation message ****** 
13:51:54.766 [main] INFO  testCases.TC_001_NewAccountTest - Test passsed
13:51:54.770 [main] INFO  testCases.TC_001_NewAccountTest -  ****** Finished TC_001_NewAccountTest ****** 
13:55:50.928 [main] INFO  testCases.TC_001_NewAccountTest -  ****** Starting TC_001_NewAccountTest ****** 
13:55:50.936 [main] DEBUG testCases.TC_001_NewAccountTest - ***Started debugging***
13:55:53.335 [main] INFO  testCases.TC_001_NewAccountTest -  ****** Creating New Account ****** 
13:55:53.343 [main] INFO  testCases.TC_001_NewAccountTest -  ****** Providing user details ****** 
13:55:59.093 [main] INFO  testCases.TC_001_NewAccountTest -  ****** Validating confirmation message ****** 
13:55:59.176 [main] INFO  testCases.TC_001_NewAccountTest - Test passsed
13:55:59.182 [main] INFO  testCases.TC_001_NewAccountTest -  ****** Finished TC_001_NewAccountTest ****** 
13:56:08.430 [main] DEBUG org.apache.poi.openxml4j.opc.PackageRelationshipCollection - Parsing relationship: /xl/_rels/workbook.xml.rels
13:56:08.435 [main] DEBUG org.apache.poi.openxml4j.opc.PackageRelationshipCollection - Parsing relationship: /xl/worksheets/_rels/sheet1.xml.rels
13:56:08.438 [main] DEBUG org.apache.poi.openxml4j.opc.PackageRelationshipCollection - Parsing relationship: /_rels/.rels
13:56:09.718 [main] DEBUG org.apache.poi.openxml4j.opc.PackageRelationshipCollection - Parsing relationship: /xl/_rels/workbook.xml.rels
13:56:09.720 [main] DEBUG org.apache.poi.openxml4j.opc.PackageRelationshipCollection - Parsing relationship: /xl/worksheets/_rels/sheet1.xml.rels
13:56:09.723 [main] DEBUG org.apache.poi.openxml4j.opc.PackageRelationshipCollection - Parsing relationship: /_rels/.rels
13:56:09.802 [main] DEBUG org.apache.poi.openxml4j.opc.PackageRelationshipCollection - Parsing relationship: /xl/_rels/workbook.xml.rels
13:56:09.804 [main] DEBUG org.apache.poi.openxml4j.opc.PackageRelationshipCollection - Parsing relationship: /xl/worksheets/_rels/sheet1.xml.rels
13:56:09.806 [main] DEBUG org.apache.poi.openxml4j.opc.PackageRelationshipCollection - Parsing relationship: /_rels/.rels
13:56:09.923 [main] DEBUG org.apache.poi.openxml4j.opc.PackageRelationshipCollection - Parsing relationship: /xl/_rels/workbook.xml.rels
13:56:09.927 [main] DEBUG org.apache.poi.openxml4j.opc.PackageRelationshipCollection - Parsing relationship: /xl/worksheets/_rels/sheet1.xml.rels
13:56:09.937 [main] DEBUG org.apache.poi.openxml4j.opc.PackageRelationshipCollection - Parsing relationship: /_rels/.rels
13:56:10.006 [main] DEBUG org.apache.poi.openxml4j.opc.PackageRelationshipCollection - Parsing relationship: /xl/_rels/workbook.xml.rels
13:56:10.009 [main] DEBUG org.apache.poi.openxml4j.opc.PackageRelationshipCollection - Parsing relationship: /xl/worksheets/_rels/sheet1.xml.rels
13:56:10.013 [main] DEBUG org.apache.poi.openxml4j.opc.PackageRelationshipCollection - Parsing relationship: /_rels/.rels
13:56:10.104 [main] DEBUG org.apache.poi.openxml4j.opc.PackageRelationshipCollection - Parsing relationship: /xl/_rels/workbook.xml.rels
13:56:10.106 [main] DEBUG org.apache.poi.openxml4j.opc.PackageRelationshipCollection - Parsing relationship: /xl/worksheets/_rels/sheet1.xml.rels
13:56:10.109 [main] DEBUG org.apache.poi.openxml4j.opc.PackageRelationshipCollection - Parsing relationship: /_rels/.rels
13:56:10.158 [main] DEBUG org.apache.poi.openxml4j.opc.PackageRelationshipCollection - Parsing relationship: /xl/_rels/workbook.xml.rels
13:56:10.160 [main] DEBUG org.apache.poi.openxml4j.opc.PackageRelationshipCollection - Parsing relationship: /xl/worksheets/_rels/sheet1.xml.rels
13:56:10.161 [main] DEBUG org.apache.poi.openxml4j.opc.PackageRelationshipCollection - Parsing relationship: /_rels/.rels
13:56:10.229 [main] DEBUG org.apache.poi.openxml4j.opc.PackageRelationshipCollection - Parsing relationship: /xl/_rels/workbook.xml.rels
13:56:10.231 [main] DEBUG org.apache.poi.openxml4j.opc.PackageRelationshipCollection - Parsing relationship: /xl/worksheets/_rels/sheet1.xml.rels
13:56:10.232 [main] DEBUG org.apache.poi.openxml4j.opc.PackageRelationshipCollection - Parsing relationship: /_rels/.rels
13:56:10.307 [main] DEBUG org.apache.poi.openxml4j.opc.PackageRelationshipCollection - Parsing relationship: /xl/_rels/workbook.xml.rels
13:56:10.317 [main] DEBUG org.apache.poi.openxml4j.opc.PackageRelationshipCollection - Parsing relationship: /xl/worksheets/_rels/sheet1.xml.rels
13:56:10.323 [main] DEBUG org.apache.poi.openxml4j.opc.PackageRelationshipCollection - Parsing relationship: /_rels/.rels
13:56:10.402 [main] DEBUG org.apache.poi.openxml4j.opc.PackageRelationshipCollection - Parsing relationship: /xl/_rels/workbook.xml.rels
13:56:10.405 [main] DEBUG org.apache.poi.openxml4j.opc.PackageRelationshipCollection - Parsing relationship: /xl/worksheets/_rels/sheet1.xml.rels
13:56:10.407 [main] DEBUG org.apache.poi.openxml4j.opc.PackageRelationshipCollection - Parsing relationship: /_rels/.rels
13:56:10.481 [main] DEBUG org.apache.poi.openxml4j.opc.PackageRelationshipCollection - Parsing relationship: /xl/_rels/workbook.xml.rels
13:56:10.483 [main] DEBUG org.apache.poi.openxml4j.opc.PackageRelationshipCollection - Parsing relationship: /xl/worksheets/_rels/sheet1.xml.rels
13:56:10.484 [main] DEBUG org.apache.poi.openxml4j.opc.PackageRelationshipCollection - Parsing relationship: /_rels/.rels
13:56:10.523 [main] INFO  testCases.TC_003_LoginDDT - *** Started TC_003_LoginDDT ***
13:56:17.661 [main] INFO  testCases.TC_003_LoginDDT - *** Started TC_003_LoginDDT ***
13:56:24.885 [main] INFO  testCases.TC_003_LoginDDT - *** Started TC_003_LoginDDT ***
13:56:33.580 [main] INFO  testCases.TC_003_LoginDDT - *** Finished TC_003_LoginDDT ***
